2025-04-26 19:15:31 0 [Note] Starting MariaDB 10.4.32-MariaDB source revision c4143f909528e3fab0677a28631d10389354c491 as process 6012
2025-04-26 19:15:31 0 [Note] InnoDB: Mutexes and rw_locks use Windows interlocked functions
2025-04-26 19:15:31 0 [Note] InnoDB: Uses event mutexes
2025-04-26 19:15:31 0 [Note] InnoDB: Compressed tables use zlib 1.3
2025-04-26 19:15:31 0 [Note] InnoDB: Number of pools: 1
2025-04-26 19:15:31 0 [Note] InnoDB: Using SSE2 crc32 instructions
2025-04-26 19:15:31 0 [Note] InnoDB: Initializing buffer pool, total size = 16M, instances = 1, chunk size = 16M
2025-04-26 19:15:31 0 [Note] InnoDB: Completed initialization of buffer pool
2025-04-26 19:15:31 0 [Note] InnoDB: Starting crash recovery from checkpoint LSN=300288
2025-04-26 19:15:31 0 [Note] InnoDB: 128 out of 128 rollback segments are active.
2025-04-26 19:15:31 0 [Note] InnoDB: Removed temporary tablespace data file: "ibtmp1"
2025-04-26 19:15:31 0 [Note] InnoDB: Creating shared tablespace for temporary tables
2025-04-26 19:15:31 0 [Note] InnoDB: Setting file 'C:\xampp\mysql\data\ibtmp1' size to 12 MB. Physically writing the file full; Please wait ...
2025-04-26 19:15:31 0 [Note] InnoDB: File 'C:\xampp\mysql\data\ibtmp1' size is now 12 MB.
2025-04-26 19:15:31 0 [Note] InnoDB: Waiting for purge to start
2025-04-26 19:15:31 0 [Note] InnoDB: 10.4.32 started; log sequence number 300297; transaction id 170
2025-04-26 19:15:31 0 [Note] InnoDB: Loading buffer pool(s) from C:\xampp\mysql\data\ib_buffer_pool
2025-04-26 19:15:31 0 [Note] Plugin 'FEEDBACK' is disabled.
2025-04-26 19:15:31 0 [Note] InnoDB: Buffer pool(s) load completed at 250426 19:15:31
2025-04-26 19:15:31 0 [Note] Server socket created on IP: '::'.
2025-04-26 19:15:34 0 [Note] Starting MariaDB 10.4.32-MariaDB source revision c4143f909528e3fab0677a28631d10389354c491 as process 24176
2025-04-26 19:15:34 0 [Note] InnoDB: Mutexes and rw_locks use Windows interlocked functions
2025-04-26 19:15:34 0 [Note] InnoDB: Uses event mutexes
2025-04-26 19:15:34 0 [Note] InnoDB: Compressed tables use zlib 1.3
2025-04-26 19:15:34 0 [Note] InnoDB: Number of pools: 1
2025-04-26 19:15:34 0 [Note] InnoDB: Using SSE2 crc32 instructions
2025-04-26 19:15:34 0 [Note] InnoDB: Initializing buffer pool, total size = 16M, instances = 1, chunk size = 16M
2025-04-26 19:15:34 0 [Note] InnoDB: Completed initialization of buffer pool
2025-04-26 19:15:34 0 [Note] InnoDB: Starting crash recovery from checkpoint LSN=300288
2025-04-26 19:15:34 0 [Note] InnoDB: 128 out of 128 rollback segments are active.
2025-04-26 19:15:34 0 [Note] InnoDB: Removed temporary tablespace data file: "ibtmp1"
2025-04-26 19:15:34 0 [Note] InnoDB: Creating shared tablespace for temporary tables
2025-04-26 19:15:34 0 [Note] InnoDB: Setting file 'C:\xampp\mysql\data\ibtmp1' size to 12 MB. Physically writing the file full; Please wait ...
2025-04-26 19:15:34 0 [Note] InnoDB: File 'C:\xampp\mysql\data\ibtmp1' size is now 12 MB.
2025-04-26 19:15:34 0 [Note] InnoDB: Waiting for purge to start
2025-04-26 19:15:35 0 [Note] InnoDB: 10.4.32 started; log sequence number 300297; transaction id 170
2025-04-26 19:15:35 0 [Note] Plugin 'FEEDBACK' is disabled.
2025-04-26 19:15:35 0 [Note] InnoDB: Loading buffer pool(s) from C:\xampp\mysql\data\ib_buffer_pool
2025-04-26 19:15:35 0 [Note] Server socket created on IP: '::'.
2025-04-26 19:15:35 0 [Note] InnoDB: Buffer 2025-04-27 17:20:33 0 [Note] Starting MariaDB 10.4.32-MariaDB source revision c4143f909528e3fab0677a28631d10389354c491 as process 9540
2025-04-27 17:20:33 0 [Note] InnoDB: Mutexes and rw_locks use Windows interlocked functions
2025-04-27 17:20:33 0 [Note] InnoDB: Uses event mutexes
2025-04-27 17:20:33 0 [Note] InnoDB: Compressed tables use zlib 1.3
2025-04-27 17:20:33 0 [Note] InnoDB: Number of pools: 1
2025-04-27 17:20:33 0 [Note] InnoDB: Using SSE2 crc32 instructions
2025-04-27 17:20:33 0 [Note] InnoDB: Initializing buffer pool, total size = 16M, instances = 1, chunk size = 16M
2025-04-27 17:20:33 0 [Note] InnoDB: Completed initialization of buffer pool
2025-04-27 17:20:33 0 [Note] InnoDB: Starting crash recovery from checkpoint LSN=442559
2025-04-27 17:20:33 0 [Note] InnoDB: 128 out of 128 rollback segments are active.
2025-04-27 17:20:33 0 [Note] InnoDB: Removed temporary tablespace data file: "ibtmp1"
2025-04-27 17:20:33 0 [Note] InnoDB: Creating shared tablespace for temporary tables
2025-04-27 17:20:33 0 [Note] InnoDB: Setting file 'C:\xampp\mysql\data\ibtmp1' size to 12 MB. Physically writing the file full; Please wait ...
2025-04-27 17:20:33 0 [Note] InnoDB: File 'C:\xampp\mysql\data\ibtmp1' size is now 12 MB.
2025-04-27 17:20:33 0 [Note] InnoDB: Waiting for purge to start
2025-04-27 17:20:33 0 [Note] InnoDB: 10.4.32 started; log sequence number 442568; transaction id 516
2025-04-27 17:20:33 0 [Note] InnoDB: Loading buffer pool(s) from C:\xampp\mysql\data\ib_buffer_pool
2025-04-27 17:20:33 0 [Note] Plugin 'FEEDBACK' is disabled.
2025-04-27 17:20:33 0 [Note] Server socket created on IP: '::'.
2025-05-01 14:55:36 0 [Note] Starting MariaDB 10.4.32-MariaDB source revision c4143f909528e3fab0677a28631d10389354c491 as process 9276
2025-05-01 14:55:36 0 [Note] InnoDB: Mutexes and rw_locks use Windows interlocked functions
2025-05-01 14:55:36 0 [Note] InnoDB: Uses event mutexes
2025-05-01 14:55:36 0 [Note] InnoDB: Compressed tables use zlib 1.3
2025-05-01 14:55:36 0 [Note] InnoDB: Number of pools: 1
2025-05-01 14:55:36 0 [Note] InnoDB: Using SSE2 crc32 instructions
2025-05-01 14:55:36 0 [Note] InnoDB: Initializing buffer pool, total size = 16M, instances = 1, chunk size = 16M
2025-05-01 14:55:36 0 [Note] InnoDB: Completed initialization of buffer pool
2025-05-01 14:55:36 0 [Note] InnoDB: Starting crash recovery from checkpoint LSN=443319
2025-05-01 14:55:37 0 [Note] Starting MariaDB 10.4.32-MariaDB source revision c4143f909528e3fab0677a28631d10389354c491 as process 21476
2025-05-01 14:55:37 0 [ERROR] InnoDB: The innodb_system data file 'ibdata1' must be writable
2025-05-01 14:55:37 0 [ERROR] InnoDB: The innodb_system data file 'ibdata1' must be writable
2025-05-01 14:55:37 0 [ERROR] Plugin 'InnoDB' registration as a STORAGE ENGINE failed.
2025-05-01 14:55:37 0 [Note] Plugin 'FEEDBACK' is disabled.
2025-05-01 14:55:37 0 [ERROR] Unknown/unsupported storage engine: InnoDB
2025-05-01 14:55:37 0 [ERROR] Aborting
2025-05-01 14:55:37 0 [Note] InnoDB: 128 out of 128 rollback segments are active.
2025-05-01 14:55:37 0 [Note] InnoDB: Removed temporary tablespace data file: "ibtmp1"
2025-05-01 14:55:37 0 [Note] InnoDB: Creating shared tablespace for temporary tables
2025-05-01 14:55:37 0 [Note] InnoDB: Setting file 'C:\xampp\mysql\data\ibtmp1' size to 12 MB. Physically writing the file full; Please wait ...
2025-05-01 14:55:37 0 [Note] InnoDB: File 'C:\xampp\mysql\data\ibtmp1' size is now 12 MB.
2025-05-01 14:55:37 0 [Note] InnoDB: Waiting for purge to start
2025-05-01 14:55:37 0 [Note] InnoDB: 10.4.32 started; log sequence number 443328; transaction id 524
2025-05-01 14:55:37 0 [Note] InnoDB: Loading buffer pool(s) from C:\xampp\mysql\data\ib_buffer_pool
2025-05-01 14:55:37 0 [Note] Plugin 'FEEDBACK' is disabled.
2025-05-01 14:55:37 0 [Note] InnoDB: Buffer pool(s) load completed at 250501 14:55:37
2025-05-01 14:55:37 0 [Note] Server socket created on IP: '::'.
2025-05-02 10:40:00 0 [Note] Starting MariaDB 10.4.32-MariaDB source revision c4143f909528e3fab0677a28631d10389354c491 as process 15308
2025-05-02 10:40:00 0 [Note] InnoDB: Mutexes and rw_locks use Windows interlocked functions
2025-05-02 10:40:00 0 [Note] InnoDB: Uses event mutexes
2025-05-02 10:40:00 0 [Note] InnoDB: Compressed tables use zlib 1.3
2025-05-02 10:40:00 0 [Note] InnoDB: Number of pools: 1
2025-05-02 10:40:00 0 [Note] InnoDB: Using SSE2 crc32 instructions
2025-05-02 10:40:00 0 [Note] InnoDB: Initializing buffer pool, total size = 16M, instances = 1, chunk size = 16M
2025-05-02 10:40:00 0 [Note] InnoDB: Completed initialization of buffer pool
2025-05-02 10:40:00 0 [Note] InnoDB: Starting crash recovery from checkpoint LSN=497067
2025-05-02 10:40:00 0 [Note] InnoDB: 128 out of 128 rollback segments are active.
2025-05-02 10:40:00 0 [Note] InnoDB: Removed temporary tablespace data file: "ibtmp1"
2025-05-02 10:40:00 0 [Note] InnoDB: Creating shared tablespace for temporary tables
2025-05-02 10:40:00 0 [Note] InnoDB: Setting file 'C:\xampp\mysql\data\ibtmp1' size to 12 MB. Physically writing the file full; Please wait ...
2025-05-02 10:40:00 0 [Note] InnoDB: File 'C:\xampp\mysql\data\ibtmp1' size is now 12 MB.
2025-05-02 10:40:00 0 [Note] InnoDB: Waiting for purge to start
2025-05-02 10:40:01 0 [Note] InnoDB: 10.4.32 started; log sequence number 497076; transaction id 604
2025-05-02 10:40:01 0 [Note] InnoDB: Loading buffer pool(s) from C:\xampp\mysql\data\ib_buffer_pool
2025-05-02 10:40:01 0 [Note] Plugin 'FEEDBACK' is disabled.
2025-05-02 10:40:01 0 [Note] InnoDB: Buffer pool(s) load completed at 250502 10:40:01
2025-05-02 10:40:01 0 [Note] Server socket created on IP: '::'.
2025-05-05 13:41:09 0 [Note] Starting MariaDB 10.4.32-MariaDB source revision c4143f909528e3fab0677a28631d10389354c491 as process 33788
2025-05-05 13:41:09 0 [Note] InnoDB: Mutexes and rw_locks use Windows interlocked functions
2025-05-05 13:41:09 0 [Note] InnoDB: Uses event mutexes
2025-05-05 13:41:09 0 [Note] InnoDB: Compressed tables use zlib 1.3
2025-05-05 13:41:09 0 [Note] InnoDB: Number of pools: 1
2025-05-05 13:41:09 0 [Note] InnoDB: Using SSE2 crc32 instructions
2025-05-05 13:41:09 0 [Note] InnoDB: Initializing buffer pool, total size = 16M, instances = 1, chunk size = 16M
2025-05-05 13:41:09 0 [Note] InnoDB: Completed initialization of buffer pool
2025-05-05 13:41:09 0 [Note] InnoDB: Starting crash recovery from checkpoint LSN=878857
2025-05-05 13:41:09 0 [Note] InnoDB: 128 out of 128 rollback segments are active.
2025-05-05 13:41:09 0 [Note] InnoDB: Removed temporary tablespace data file: "ibtmp1"
2025-05-05 13:41:09 0 [Note] InnoDB: Creating shared tablespace for temporary tables
2025-05-05 13:41:09 0 [Note] InnoDB: Setting file 'C:\xampp\mysql\data\ibtmp1' size to 12 MB. Physically writing the file full; Please wait ...
2025-05-05 13:41:09 0 [Note] InnoDB: File 'C:\xampp\mysql\data\ibtmp1' size is now 12 MB.
2025-05-05 13:41:09 0 [Note] InnoDB: Waiting for purge to start
2025-05-05 13:41:10 0 [Note] InnoDB: 10.4.32 started; log sequence number 878866; transaction id 1252
2025-05-05 13:41:10 0 [Note] InnoDB: Loading buffer pool(s) from C:\xampp\mysql\data\ib_buffer_pool
2025-05-05 13:41:10 0 [Note] Plugin 'FEEDBACK' is disabled.
2025-05-05 13:41:10 0 [Note] InnoDB: Buffer pool(s) load completed at 250505 13:41:10
2025-05-05 13:41:10 0 [Note] Server socket created on IP: '::'.
2025-05-05 13:44:57 0 [Note] Starting MariaDB 10.4.32-MariaDB source revision c4143f909528e3fab0677a28631d10389354c491 as process 36836
2025-05-05 13:44:57 0 [Note] mysqld.exe: Aria engine: starting recovery
recovered pages: 0% 100% (0.0 seconds); 
2025-05-05 13:44:57 0 [Note] mysqld.exe: Aria engine: recovery done
2025-05-05 13:44:57 0 [Note] InnoDB: Mutexes and rw_locks use Windows interlocked functions
2025-05-05 13:44:57 0 [Note] InnoDB: Uses event mutexes
2025-05-05 13:44:57 0 [Note] InnoDB: Compressed tables use zlib 1.3
2025-05-05 13:44:57 0 [Note] InnoDB: Number of pools: 1
2025-05-05 13:44:57 0 [Note] InnoDB: Using SSE2 crc32 instructions
2025-05-05 13:44:57 0 [Note] InnoDB: Initializing buffer pool, total size = 16M, instances = 1, chunk size = 16M
2025-05-05 13:44:57 0 [Note] InnoDB: Completed initialization of buffer pool
2025-05-05 13:44:57 0 [Note] InnoDB: Starting crash recovery from checkpoint LSN=878875
2025-05-05 13:44:57 0 [Note] InnoDB: 128 out of 128 rollback segments are active.
2025-05-05 13:44:57 0 [Note] InnoDB: Removed temporary tablespace data file: "ibtmp1"
2025-05-05 13:44:57 0 [Note] InnoDB: Creating shared tablespace for temporary tables
2025-05-05 13:44:57 0 [Note] InnoDB: Setting file 'C:\xampp\mysql\data\ibtmp1' size to 12 MB. Physically writing the file full; Please wait ...
2025-05-05 13:44:57 0 [Note] InnoDB: File 'C:\xampp\mysql\data\ibtmp1' size is now 12 MB.
2025-05-05 13:44:57 0 [Note] InnoDB: Waiting for purge to start
2025-05-05 13:44:57 0 [Note] InnoDB: 10.4.32 started; log sequence number 878884; transaction id 1252
2025-05-05 13:44:57 0 [Note] InnoDB: Loading buffer pool(s) from C:\xampp\mysql\data\ib_buffer_pool
2025-05-05 13:44:57 0 [Note] Plugin 'FEEDBACK' is disabled.
2025-05-05 13:44:57 0 [Note] InnoDB: Buffer pool(s) load completed at 250505 13:44:57
2025-05-05 13:44:57 0 [Note] Server socket created on IP: '::'.
2025-05-05 13:45:29 0 [Note] Starting MariaDB 10.4.32-MariaDB source revision c4143f909528e3fab0677a28631d10389354c491 as process 19724
2025-05-05 13:45:29 0 [Note] InnoDB: Mutexes and rw_locks use Windows interlocked functions
2025-05-05 13:45:29 0 [Note] InnoDB: Uses event mutexes
2025-05-05 13:45:29 0 [Note] InnoDB: Compressed tables use zlib 1.3
2025-05-05 13:45:29 0 [Note] InnoDB: Number of pools: 1
2025-05-05 13:45:29 0 [Note] InnoDB: Using SSE2 crc32 instructions
2025-05-05 13:45:29 0 [Note] InnoDB: Initializing buffer pool, total size = 16M, instances = 1, chunk size = 16M
2025-05-05 13:45:29 0 [Note] InnoDB: Completed initialization of buffer pool
2025-05-05 13:45:29 0 [Note] InnoDB: Starting crash recovery from checkpoint LSN=878875
2025-05-05 13:45:29 0 [Note] InnoDB: 128 out of 128 rollback segments are active.
2025-05-05 13:45:29 0 [Note] InnoDB: Removed temporary tablespace data file: "ibtmp1"
2025-05-05 13:45:29 0 [Note] InnoDB: Creating shared tablespace for temporary tables
2025-05-05 13:45:29 0 [Note] InnoDB: Setting file 'C:\xampp\mysql\data\ibtmp1' size to 12 MB. Physically writing the file full; Please wait ...
2025-05-05 13:45:29 0 [Note] InnoDB: File 'C:\xampp\mysql\data\ibtmp1' size is now 12 MB.
2025-05-05 13:45:29 0 [Note] InnoDB: Waiting for purge to start
2025-05-05 13:45:29 0 [Note] InnoDB: 10.4.32 started; log sequence number 878884; transaction id 1252
2025-05-05 13:45:29 0 [Note] InnoDB: Loading buffer pool(s) from C:\xampp\mysql\data\ib_buffer_pool
2025-05-05 13:45:29 0 [Note] Plugin 'FEEDBACK' is disabled.
2025-05-05 13:45:29 0 [Note] Server socket created on IP: '::'.
2025-05-05 13:45:29 0 [Note] InnoDB: Buff2025-05-05 16:55:06 0 [Note] Starting MariaDB 10.4.32-MariaDB source revision c4143f909528e3fab0677a28631d10389354c491 as process 23916
2025-05-05 16:55:06 0 [Note] InnoDB: Mutexes and rw_locks use Windows interlocked functions
2025-05-05 16:55:06 0 [Note] InnoDB: Uses event mutexes
2025-05-05 16:55:06 0 [Note] InnoDB: Compressed tables use zlib 1.3
2025-05-05 16:55:06 0 [Note] InnoDB: Number of pools: 1
2025-05-05 16:55:06 0 [Note] InnoDB: Using SSE2 crc32 instructions
2025-05-05 16:55:06 0 [Note] InnoDB: Initializing buffer pool, total size = 16M, instances = 1, chunk size = 16M
2025-05-05 16:55:06 0 [Note] InnoDB: Completed initialization of buffer pool
2025-05-05 16:55:06 0 [Note] InnoDB: Starting crash recovery from checkpoint LSN=879515
2025-05-05 16:55:07 0 [Note] InnoDB: 128 out of 128 rollback segments are active.
2025-05-05 16:55:07 0 [Note] InnoDB: Removed temporary tablespace data file: "ibtmp1"
2025-05-05 16:55:07 0 [Note] InnoDB: Creating shared tablespace for temporary tables
2025-05-05 16:55:07 0 [Note] InnoDB: Setting file 'C:\xampp\mysql\data\ibtmp1' size to 12 MB. Physically writing the file full; Please wait ...
2025-05-05 16:55:07 0 [Note] InnoDB: File 'C:\xampp\mysql\data\ibtmp1' size is now 12 MB.
2025-05-05 16:55:07 0 [Note] InnoDB: Waiting for purge to start
2025-05-05 16:55:07 0 [Note] InnoDB: 10.4.32 started; log sequence number 879524; transaction id 1262
2025-05-05 16:55:07 0 [Note] InnoDB: Loading buffer pool(s) from C:\xampp\mysql\data\ib_buffer_pool
2025-05-05 16:55:07 0 [Note] Plugin 'FEEDBACK' is disabled.
2025-05-05 16:55:07 0 [Note] Server socket created on IP: '::'.
2025-05-05 18:26:25 0 [Note] Starting MariaDB 10.4.32-MariaDB source revision c4143f909528e3fab0677a28631d10389354c491 as process 7084
2025-05-05 18:26:25 0 [Note] InnoDB: Mutexes and rw_locks use Windows interlocked functions
2025-05-05 18:26:25 0 [Note] InnoDB: Uses event mutexes
2025-05-05 18:26:25 0 [Note] InnoDB: Compressed tables use zlib 1.3
2025-05-05 18:26:25 0 [Note] InnoDB: Number of pools: 1
2025-05-05 18:26:25 0 [Note] InnoDB: Using SSE2 crc32 instructions
2025-05-05 18:26:25 0 [Note] InnoDB: Initializing buffer pool, total size = 16M, instances = 1, chunk size = 16M
2025-05-05 18:26:25 0 [Note] InnoDB: Completed initialization of buffer pool
2025-05-05 18:26:25 0 [Note] InnoDB: Starting crash recovery from checkpoint LSN=879968
2025-05-05 18:26:25 0 [Note] InnoDB: Starting final batch to recover 10 pages from redo log.
2025-05-05 18:26:26 0 [Note] InnoDB: 128 out of 128 rollback segments are active.
2025-05-05 18:26:26 0 [Note] InnoDB: Removed temporary tablespace data file: "ibtmp1"
2025-05-05 18:26:26 0 [Note] InnoDB: Creating shared tablespace for temporary tables
2025-05-05 18:26:26 0 [Note] InnoDB: Setting file 'C:\xampp\mysql\data\ibtmp1' size to 12 MB. Physically writing the file full; Please wait ...
2025-05-05 18:26:26 0 [Note] InnoDB: File 'C:\xampp\mysql\data\ibtmp1' size is now 12 MB.
2025-05-05 18:26:26 0 [Note] InnoDB: Waiting for purge to start
2025-05-05 18:26:26 0 [Note] InnoDB: 10.4.32 started; log sequence number 890304; transaction id 1287
2025-05-05 18:26:26 0 [Note] InnoDB: Loading buffer pool(s) from C:\xampp\mysql\data\ib_buffer_pool
2025-05-05 18:26:26 0 [Note] Plugin 'FEEDBACK' is disabled.
2025-05-05 18:26:26 0 [Note] Server socket created on IP: '::'.
2025-05-05 19:04:08 0 [Note] Starting MariaDB 10.4.32-MariaDB source revision c4143f909528e3fab0677a28631d10389354c491 as process 19824
2025-05-05 19:04:08 0 [Note] InnoDB: Mutexes and rw_locks use Windows interlocked functions
2025-05-05 19:04:08 0 [Note] InnoDB: Uses event mutexes
2025-05-05 19:04:08 0 [Note] InnoDB: Compressed tables use zlib 1.3
2025-05-05 19:04:08 0 [Note] InnoDB: Number of pools: 1
2025-05-05 19:04:08 0 [Note] InnoDB: Using SSE2 crc32 instructions
2025-05-05 19:04:08 0 [Note] InnoDB: Initializing buffer pool, total size = 16M, instances = 1, chunk size = 16M
2025-05-05 19:04:08 0 [Note] InnoDB: Completed initialization of buffer pool
2025-05-05 19:04:08 0 [Note] InnoDB: Starting crash recovery from checkpoint LSN=910444
2025-05-05 19:04:08 0 [Note] InnoDB: 128 out of 128 rollback segments are active.
2025-05-05 19:04:08 0 [Note] InnoDB: Removed temporary tablespace data file: "ibtmp1"
2025-05-05 19:04:08 0 [Note] InnoDB: Creating shared tablespace for temporary tables
2025-05-05 19:04:08 0 [Note] InnoDB: Setting file 'C:\xampp\mysql\data\ibtmp1' size to 12 MB. Physically writing the file full; Please wait ...
2025-05-05 19:04:08 0 [Note] InnoDB: File 'C:\xampp\mysql\data\ibtmp1' size is now 12 MB.
2025-05-05 19:04:08 0 [Note] InnoDB: Waiting for purge to start
2025-05-05 19:04:08 0 [Note] InnoDB: 10.4.32 started; log sequence number 910453; transaction id 1316
2025-05-05 19:04:08 0 [Note] InnoDB: Loading buffer pool(s) from C:\xampp\mysql\data\ib_buffer_pool
2025-05-05 19:04:08 0 [Note] Plugin 'FEEDBACK' is disabled.
2025-05-05 19:04:08 0 [Note] InnoDB: Buffer pool(s) load completed at 250505 19:04:08
2025-05-05 19:04:08 0 [Note] Server socket created on IP: '::'.
2025-05-20 17:07:55 0 [Note] Starting MariaDB 10.4.32-MariaDB source revision c4143f909528e3fab0677a28631d10389354c491 as process 20816
2025-05-20 17:07:55 0 [Note] InnoDB: Mutexes and rw_locks use Windows interlocked functions
2025-05-20 17:07:55 0 [Note] InnoDB: Uses event mutexes
2025-05-20 17:07:55 0 [Note] InnoDB: Compressed tables use zlib 1.3
2025-05-20 17:07:56 0 [Note] InnoDB: Number of pools: 1
2025-05-20 17:07:56 0 [Note] InnoDB: Using SSE2 crc32 instructions
2025-05-20 17:07:56 0 [Note] InnoDB: Initializing buffer pool, total size = 16M, instances = 1, chunk size = 16M
2025-05-20 17:07:56 0 [Note] InnoDB: Completed initialization of buffer pool
2025-05-20 17:07:56 0 [Note] InnoDB: Starting crash recovery from checkpoint LSN=924383
2025-05-20 17:07:56 0 [Note] InnoDB: 128 out of 128 rollback segments are active.
2025-05-20 17:07:56 0 [Note] InnoDB: Removed temporary tablespace data file: "ibtmp1"
2025-05-20 17:07:56 0 [Note] InnoDB: Creating shared tablespace for temporary tables
2025-05-20 17:07:56 0 [Note] InnoDB: Setting file 'C:\xampp\mysql\data\ibtmp1' size to 12 MB. Physically writing the file full; Please wait ...
2025-05-20 17:07:56 0 [Note] InnoDB: File 'C:\xampp\mysql\data\ibtmp1' size is now 12 MB.
2025-05-20 17:07:56 0 [Note] InnoDB: Waiting for purge to start
2025-05-20 17:07:56 0 [Note] InnoDB: 10.4.32 started; log sequence number 924392; transaction id 1353
2025-05-20 17:07:56 0 [Note] InnoDB: Loading buffer pool(s) from C:\xampp\mysql\data\ib_buffer_pool
2025-05-20 17:07:56 0 [Note] Plugin 'FEEDBACK' is disabled.
2025-05-20 17:07:56 0 [Note] InnoDB: Buffer pool(s) load completed at 250520 17:07:56
2025-05-20 17:07:56 0 [Note] Server socket created on IP: '::'.
2025-05-20 17:11:42 0 [Note] Starting MariaDB 10.4.32-MariaDB source revision c4143f909528e3fab0677a28631d10389354c491 as process 13996
2025-05-20 17:11:42 0 [Note] InnoDB: Mutexes and rw_locks use Windows interlocked functions
2025-05-20 17:11:42 0 [Note] InnoDB: Uses event mutexes
2025-05-20 17:11:42 0 [Note] InnoDB: Compressed tables use zlib 1.3
2025-05-20 17:11:42 0 [Note] InnoDB: Number of pools: 1
2025-05-20 17:11:42 0 [Note] InnoDB: Using SSE2 crc32 instructions
2025-05-20 17:11:42 0 [Note] InnoDB: Initializing buffer pool, total size = 16M, instances = 1, chunk size = 16M
2025-05-20 17:11:42 0 [Note] InnoDB: Completed initialization of buffer pool
2025-05-20 17:11:42 0 [Note] InnoDB: Starting crash recovery from checkpoint LSN=924401
2025-05-20 17:11:42 0 [Note] InnoDB: 128 out of 128 rollback segments are active.
2025-05-20 17:11:42 0 [Note] InnoDB: Removed temporary tablespace data file: "ibtmp1"
2025-05-20 17:11:42 0 [Note] InnoDB: Creating shared tablespace for temporary tables
2025-05-20 17:11:42 0 [Note] InnoDB: Setting file 'C:\xampp\mysql\data\ibtmp1' size to 12 MB. Physically writing the file full; Please wait ...
2025-05-20 17:11:42 0 [Note] InnoDB: File 'C:\xampp\mysql\data\ibtmp1' size is now 12 MB.
2025-05-20 17:11:42 0 [Note] InnoDB: Waiting for purge to start
2025-05-20 17:11:42 0 [Note] InnoDB: 10.4.32 started; log sequence number 924410; transaction id 1353
2025-05-20 17:11:42 0 [Note] InnoDB: Loading buffer pool(s) from C:\xampp\mysql\data\ib_buffer_pool
2025-05-20 17:11:42 0 [Note] Plugin 'FEEDBACK' is disabled.
2025-05-20 17:11:42 0 [Note] Server socket created on IP: '::'.
2025-06-09 18:46:53 0 [Note] Starting MariaDB 10.4.32-MariaDB source revision c4143f909528e3fab0677a28631d10389354c491 as process 46616
2025-06-09 18:46:53 0 [Note] InnoDB: Mutexes and rw_locks use Windows interlocked functions
2025-06-09 18:46:53 0 [Note] InnoDB: Uses event mutexes
2025-06-09 18:46:53 0 [Note] InnoDB: Compressed tables use zlib 1.3
2025-06-09 18:46:53 0 [Note] InnoDB: Number of pools: 1
2025-06-09 18:46:53 0 [Note] InnoDB: Using SSE2 crc32 instructions
2025-06-09 18:46:53 0 [Note] InnoDB: Initializing buffer pool, total size = 16M, instances = 1, chunk size = 16M
2025-06-09 18:46:53 0 [Note] InnoDB: Completed initialization of buffer pool
2025-06-09 18:46:53 0 [Note] InnoDB: Starting crash recovery from checkpoint LSN=981755
2025-06-09 18:46:53 0 [Note] InnoDB: 128 out of 128 rollback segments are active.
2025-06-09 18:46:53 0 [Note] InnoDB: Removed temporary tablespace data file: "ibtmp1"
2025-06-09 18:46:53 0 [Note] InnoDB: Creating shared tablespace for temporary tables
2025-06-09 18:46:53 0 [Note] InnoDB: Setting file 'C:\xampp\mysql\data\ibtmp1' size to 12 MB. Physically writing the file full; Please wait ...
2025-06-09 18:46:53 0 [Note] InnoDB: File 'C:\xampp\mysql\data\ibtmp1' size is now 12 MB.
2025-06-09 18:46:53 0 [Note] InnoDB: Waiting for purge to start
2025-06-09 18:46:53 0 [Note] InnoDB: 10.4.32 started; log sequence number 981764; transaction id 1487
2025-06-09 18:46:53 0 [Note] InnoDB: Loading buffer pool(s) from C:\xampp\mysql\data\ib_buffer_pool
2025-06-09 18:46:53 0 [Note] Plugin 'FEEDBACK' is disabled.
2025-06-09 18:46:53 0 [Note] InnoDB: Buffer pool(s) load completed at 250609 18:46:53
2025-06-09 18:46:53 0 [Note] Server socket created on IP: '::'.
2025-06-09 18:46:55 0 [Note] Starting MariaDB 10.4.32-MariaDB source revision c4143f909528e3fab0677a28631d10389354c491 as process 43924
2025-06-09 18:46:55 0 [Note] InnoDB: Mutexes and rw_locks use Windows interlocked functions
2025-06-09 18:46:55 0 [Note] InnoDB: Uses event mutexes
2025-06-09 18:46:55 0 [Note] InnoDB: Compressed tables use zlib 1.3
2025-06-09 18:46:55 0 [Note] InnoDB: Number of pools: 1
2025-06-09 18:46:55 0 [Note] InnoDB: Using SSE2 crc32 instructions
2025-06-09 18:46:55 0 [Note] InnoDB: Initializing buffer pool, total size = 16M, instances = 1, chunk size = 16M
2025-06-09 18:46:55 0 [Note] InnoDB: Completed initialization of buffer pool
2025-06-09 18:46:55 0 [Note] InnoDB: Starting crash recovery from checkpoint LSN=981755
2025-06-09 18:46:55 0 [Note] InnoDB: 128 out of 128 rollback segments are active.
2025-06-09 18:46:55 0 [Note] InnoDB: Removed temporary tablespace data file: "ibtmp1"
2025-06-09 18:46:55 0 [Note] InnoDB: Creating shared tablespace for temporary tables
2025-06-09 18:46:55 0 [Note] InnoDB: Setting file 'C:\xampp\mysql\data\ibtmp1' size to 12 MB. Physically writing the file full; Please wait ...
2025-06-09 18:46:55 0 [Note] InnoDB: File 'C:\xampp\mysql\data\ibtmp1' size is now 12 MB.
2025-06-09 18:46:55 0 [Note] InnoDB: Waiting for purge to start
2025-06-09 18:46:55 0 [Note] InnoDB: 10.4.32 started; log sequence number 981764; transaction id 1487
2025-06-09 18:46:55 0 [Note] InnoDB: Loading buffer pool(s) from C:\xampp\mysql\data\ib_buffer_pool
2025-06-09 18:46:55 0 [Note] Plugin 'FEEDBACK' is disabled.
2025-06-09 18:46:55 0 [Note] InnoDB: Buffer pool(s) load completed at 250609 18:46:55
2025-06-09 18:46:55 0 [Note] Server socket created on IP: '::'.
